<?xml version="1.0" encoding="UTF-8" standalone="no"?>
<testsuite failures="0" name="cucumber.runtime.formatter.JUnitFormatter" skipped="0" tests="1" time="51.48502">
<testcase classname="Conversation" name="User login to ADDA and post conversation" time="51.48502">
<system-out><![CDATA[Given User is on ADDA Resident page.........................................passed
When User enter title and description.......................................passed
Then close the Browser......................................................passed
]]></system-out>
</testcase>
</testsuite>
